<?xml version="1.0" encoding="UTF-8"?>
<!-- Generated by org.testng.reporters.JUnitXMLReporter -->
<testsuite ignored="0" hostname="nikPC" failures="0" tests="3" name="Default test" time="58.031" errors="0" timestamp="10 Sep 2024 11:44:05 GMT">
  <testcase classname="MobileAppTestingFrameWork.yourOfferProductFindTest" name="WelcomeMsgPageTransitionTest" time="2.986"/>
  <testcase classname="MobileAppTestingFrameWork.yourOfferProductFindTest" name="ProperLogin" time="11.876"/>
  <testcase classname="MobileAppTestingFrameWork.yourOfferProductFindTest" name="yourOfferTest" time="27.877"/>
</testsuite> <!-- Default test -->
