<?xml version="1.0" encoding="UTF-8"?>
<!-- Generated by org.testng.reporters.JUnitXMLReporter -->
<testsuite ignored="0" hostname="nikPC" failures="1" tests="4" name="LoginTest" time="70.32" errors="0" timestamp="30 Sep 2024 11:06:55 GMT">
  <testcase classname="AllTestClasses.LoginPageTest" name="incorrectPasswordTest" time="13.81"/>
  <testcase classname="AllTestClasses.LoginPageTest" name="BlankNumberFieldTest" time="8.303"/>
  <testcase classname="AllTestClasses.LoginPageTest" name="BlankPsswordFieldTest" time="7.076">
    <failure type="java.lang.AssertionError" message="expected [Please enter PIN numbesr] but found [Please enter PIN number]">
      <![CDATA[java.lang.AssertionError: expected [Please enter PIN numbesr] but found [Please enter PIN number]
	at AllTestClasses.LoginPageTest.BlankPsswordFieldTest(LoginPageTest.java:65)
... Removed 29 stack frames]]>
    </failure>
  </testcase> <!-- BlankPsswordFieldTest -->
  <testcase classname="AllTestClasses.LoginPageTest" name="ProperLogin" time="10.798"/>
</testsuite> <!-- LoginTest -->
