<?xml version="1.0" encoding="UTF-8"?>
<testng-results ignored="0" total="3" passed="3" failed="0" skipped="0">
  <reporter-output>
  </reporter-output>
  <suite started-at="2024-09-10T11:43:07Z" name="Default suite" finished-at="2024-09-10T11:44:05Z" duration-ms="58031">
    <groups>
    </groups>
    <test started-at="2024-09-10T11:43:07Z" name="Default test" finished-at="2024-09-10T11:44:05Z" duration-ms="58031">
      <class name="MobileAppTestingFrameWork.yourOfferProductFindTest">
        <test-method is-config="true" signature="StartAppiumServerAndOptionClass()[pri:0, instance:MobileAppTestingFrameWork.yourOfferProductFindTest@600b90df]" started-at="2024-09-10T17:43:07Z" name="StartAppiumServerAndOptionClass" finished-at="2024-09-10T17:43:22Z" duration-ms="14945" status="PASS">
          <reporter-output>
          </reporter-output>
        </test-method> <!-- StartAppiumServerAndOptionClass -->
        <test-method signature="WelcomeMsgPageTransitionTest()[pri:1, instance:MobileAppTestingFrameWork.yourOfferProductFindTest@600b90df]" started-at="2024-09-10T17:43:22Z" name="WelcomeMsgPageTransitionTest" finished-at="2024-09-10T17:43:25Z" duration-ms="2986" status="PASS">
          <reporter-output>
          </reporter-output>
        </test-method> <!-- WelcomeMsgPageTransitionTest -->
        <test-method signature="ProperLogin()[pri:2, instance:MobileAppTestingFrameWork.yourOfferProductFindTest@600b90df]" started-at="2024-09-10T17:43:25Z" name="ProperLogin" finished-at="2024-09-10T17:43:37Z" duration-ms="11876" status="PASS">
          <reporter-output>
          </reporter-output>
        </test-method> <!-- ProperLogin -->
        <test-method signature="yourOfferTest()[pri:3, instance:MobileAppTestingFrameWork.yourOfferProductFindTest@600b90df]" started-at="2024-09-10T17:43:37Z" name="yourOfferTest" finished-at="2024-09-10T17:44:05Z" duration-ms="27877" status="PASS">
          <reporter-output>
          </reporter-output>
        </test-method> <!-- yourOfferTest -->
        <test-method is-config="true" signature="StopServerAndDriver()[pri:0, instance:MobileAppTestingFrameWork.yourOfferProductFindTest@600b90df]" started-at="2024-09-10T17:44:05Z" name="StopServerAndDriver" finished-at="2024-09-10T17:44:05Z" duration-ms="336" status="PASS">
          <reporter-output>
          </reporter-output>
        </test-method> <!-- StopServerAndDriver -->
      </class> <!-- MobileAppTestingFrameWork.yourOfferProductFindTest -->
    </test> <!-- Default test -->
  </suite> <!-- Default suite -->
</testng-results>
